Mon Aug 17 11:59:35 CDT 2015
Mon Aug 17 12:00:01 CDT 2015
Mon Aug 17 12:59:57 CDT 2015
Tue Aug 18 12:48:01 CDT 2015
Tue Aug 18 12:49:12 CDT 2015
Tue Aug 18 13:20:40 CDT 2015
Tue Aug 18 13:40:49 CDT 2015
Tue Aug 18 13:50:27 CDT 2015
Tue Aug 18 13:56:45 CDT 2015
Fri Aug 21 09:45:33 CDT 2015
Fri Aug 21 09:47:15 CDT 2015
Tue Aug 25 13:09:53 CDT 2015
Tue Aug 25 13:12:43 CDT 2015
Thu Aug 27 11:40:11 CDT 2015
Thu Aug 27 11:59:02 CDT 2015
Thu Aug 27 12:16:45 CDT 2015
Thu Aug 27 12:17:38 CDT 2015
Thu Aug 27 12:18:30 CDT 2015
Thu Aug 27 12:19:40 CDT 2015
Thu Aug 27 12:26:29 CDT 2015
Thu Aug 27 12:28:02 CDT 2015
Thu Aug 27 12:29:47 CDT 2015
Thu Aug 27 14:22:58 CDT 2015
Thu Aug 27 14:24:29 CDT 2015
Thu Aug 27 14:25:41 CDT 2015
Thu Aug 27 14:26:39 CDT 2015
Thu Aug 27 14:28:23 CDT 2015
Thu Aug 27 14:33:51 CDT 2015
Thu Aug 27 14:35:23 CDT 2015
Thu Aug 27 14:38:02 CDT 2015
Thu Aug 27 14:39:36 CDT 2015
Thu Aug 27 14:40:16 CDT 2015
Thu Aug 27 14:41:17 CDT 2015
Thu Aug 27 14:42:27 CDT 2015
Thu Aug 27 14:44:19 CDT 2015
Thu Aug 27 14:47:33 CDT 2015
Thu Aug 27 14:48:56 CDT 2015
Thu Aug 27 14:51:40 CDT 2015
Thu Aug 27 14:54:22 CDT 2015
Thu Aug 27 14:56:10 CDT 2015
Thu Aug 27 14:58:02 CDT 2015
Thu Aug 27 14:58:30 CDT 2015
Thu Aug 27 14:59:21 CDT 2015
Thu Aug 27 14:59:47 CDT 2015
Thu Aug 27 15:00:19 CDT 2015
Thu Aug 27 15:03:36 CDT 2015
Thu Aug 27 15:04:03 CDT 2015
Thu Aug 27 15:04:39 CDT 2015
Thu Aug 27 15:13:47 CDT 2015
Thu Aug 27 15:17:07 CDT 2015
Thu Aug 27 15:20:47 CDT 2015
Thu Aug 27 15:22:58 CDT 2015
Thu Aug 27 15:23:42 CDT 2015
Thu Aug 27 15:24:20 CDT 2015
Thu Aug 27 15:24:52 CDT 2015
Thu Aug 27 15:25:47 CDT 2015
Thu Aug 27 15:26:41 CDT 2015
Thu Aug 27 15:26:46 CDT 2015
Thu Aug 27 15:26:57 CDT 2015
Thu Aug 27 15:27:40 CDT 2015
Thu Aug 27 15:28:19 CDT 2015
Fri Aug 28 08:14:39 CDT 2015
Fri Aug 28 08:18:42 CDT 2015
Fri Aug 28 08:25:00 CDT 2015
Fri Aug 28 08:28:23 CDT 2015
Fri Aug 28 08:32:48 CDT 2015
Fri Aug 28 08:34:07 CDT 2015
Fri Aug 28 08:37:12 CDT 2015
Mon Aug 31 12:12:57 CDT 2015
Mon Aug 31 12:13:26 CDT 2015
final do script shellmincov
Mon Aug 31 12:14:19 CDT 2015
Mon Aug 31 12:14:48 CDT 2015
final do script shellmincov
Tue Sep  1 19:25:37 CDT 2015
Tue Sep  1 19:26:06 CDT 2015
final do script shellmincov
Tue Sep  1 19:45:12 CDT 2015
Tue Sep  1 19:45:41 CDT 2015
final do script shellmincov
